  Scene_Menu.cpp
  Scene_Perlin2D.cpp
  Scene_Sandbox.cpp
  main.cpp
C:\dev\code\Minecraft\src\ContourLines.hpp(20,20): warning C4244: 'initializing': conversion from 'int' to 'float', possible loss of data
  (compiling source file '../src/Scene_Perlin2D.cpp')
  
C:\dev\code\Minecraft\src\ContourLines.hpp(40,20): warning C4244: 'initializing': conversion from 'int' to 'float', possible loss of data
  (compiling source file '../src/Scene_Perlin2D.cpp')
  
C:\dev\code\Minecraft\src\ContourLines.hpp(20,20): warning C4244: 'initializing': conversion from 'int' to 'float', possible loss of data
  (compiling source file '../src/main.cpp')
  
C:\dev\code\Minecraft\src\ContourLines.hpp(40,20): warning C4244: 'initializing': conversion from 'int' to 'float', possible loss of data
  (compiling source file '../src/main.cpp')
  
C:\dev\code\Minecraft\src\Scene_Perlin2D.cpp(260,47): warning C4244: 'argument': conversion from 'int' to 'float', possible loss of data
C:\dev\code\Minecraft\src\ContourLines.hpp(20,20): warning C4244: 'initializing': conversion from 'int' to 'float', possible loss of data
  (compiling source file '../src/Scene_Sandbox.cpp')
  
C:\dev\code\Minecraft\src\ContourLines.hpp(40,20): warning C4244: 'initializing': conversion from 'int' to 'float', possible loss of data
  (compiling source file '../src/Scene_Sandbox.cpp')
  
C:\dev\code\Minecraft\src\ContourLines.hpp(20,20): warning C4244: 'initializing': conversion from 'int' to 'float', possible loss of data
  (compiling source file '../src/Scene_Menu.cpp')
  
C:\dev\code\Minecraft\src\ContourLines.hpp(40,20): warning C4244: 'initializing': conversion from 'int' to 'float', possible loss of data
  (compiling source file '../src/Scene_Menu.cpp')
  
C:\dev\code\Minecraft\src\Scene_Sandbox.cpp(72,68): warning C4244: 'argument': conversion from 'int' to 'float', possible loss of data
C:\dev\code\Minecraft\src\Scene_Sandbox.cpp(78,65): warning C4244: 'argument': conversion from 'int' to 'float', possible loss of data
C:\dev\code\Minecraft\src\Scene_Sandbox.cpp(99,56): warning C4244: 'argument': conversion from 'double' to 'int', possible loss of data
C:\dev\code\Minecraft\src\Scene_Sandbox.cpp(99,49): warning C4244: 'argument': conversion from 'double' to 'int', possible loss of data
C:\dev\code\Minecraft\src\Scene_Sandbox.cpp(342,52): warning C4305: 'argument': truncation from 'double' to 'float'
  Generating code
  60 of 3478 functions ( 1.7%) were compiled, the rest were copied from previous compilation.
    1 functions were new in current compilation
    87 functions had inline decision re-evaluated but remain unchanged
  Finished generating code
  SFMLGame.vcxproj -> C:\dev\code\Minecraft\bin\SFMLGame.exe
